This is pdfTeX, Version 3.14159265-2.6-1.40.17 (TeX Live 2016/W32TeX) (preloaded format=pdflatex 2017.1.12)  27 FEB 2020 11:58
entering extended mode
 restricted \write18 enabled.
 %&-line parsing enabled.
**./nc2020.tex
(./nc2020.tex
LaTeX2e <2016/03/31> patch level 3
Babel <3.9r> and hyphenation patterns for 83 language(s) loaded.
(./svjour3.cls
Document Class: svjour3 2007/05/08 v3.2 
LaTeX document class for Springer journals
(c:/texlive/2016/texmf-dist/tex/latex/base/fleqn.clo
File: fleqn.clo 2015/03/31 v1.1i Standard LaTeX option (flush left equations)
\mathindent=\dimen102
Applying: [2015/01/01] Make \[ robust on input line 50.
LaTeX Info: Redefining \[ on input line 51.
Already applied: [0000/00/00] Make \[ robust on input line 62.
Applying: [2015/01/01] Make \] robust on input line 74.
LaTeX Info: Redefining \] on input line 75.
Already applied: [0000/00/00] Make \] robust on input line 83.
)
Class Springer-SVJour3 Info: extra/valid Springer sub-package (-> *.clo) 
(Springer-SVJour3)           not found in option list of \documentclass
(Springer-SVJour3)           - autoactivating "global" style.
 (./svglov3.clo
File: svglov3.clo 2009/12/18 v3.2 style option for standardised journals

SVJour Class option: svglov3.clo for standardised journals
)
LaTeX Font Info:    Redeclaring math symbol \Gamma on input line 147.
LaTeX Font Info:    Redeclaring math symbol \Delta on input line 148.
LaTeX Font Info:    Redeclaring math symbol \Theta on input line 149.
LaTeX Font Info:    Redeclaring math symbol \Lambda on input line 150.
LaTeX Font Info:    Redeclaring math symbol \Xi on input line 151.
LaTeX Font Info:    Redeclaring math symbol \Pi on input line 152.
LaTeX Font Info:    Redeclaring math symbol \Sigma on input line 153.
LaTeX Font Info:    Redeclaring math symbol \Upsilon on input line 154.
LaTeX Font Info:    Redeclaring math symbol \Phi on input line 155.
LaTeX Font Info:    Redeclaring math symbol \Psi on input line 156.
LaTeX Font Info:    Redeclaring math symbol \Omega on input line 157.
\logodepth=\dimen103
\headerboxheight=\dimen104
\betweenumberspace=\dimen105
\aftertext=\dimen106
\headlineindent=\dimen107
\c@inst=\count79
\c@auth=\count80
\instindent=\dimen108
\authrun=\box26
\authorrunning=\toks14
\titrun=\box27
\titlerunning=\toks15
\combirun=\box28
\c@lastpage=\count81
\rubricwidth=\dimen109
\c@section=\count82
\c@subsection=\count83
\c@subsubsection=\count84
\c@paragraph=\count85
\c@subparagraph=\count86
\spthmsep=\dimen110
\c@theorem=\count87
\c@case=\count88
\c@conjecture=\count89
\c@corollary=\count90
\c@definition=\count91
\c@example=\count92
\c@exercise=\count93
\c@lemma=\count94
\c@note=\count95
\c@problem=\count96
\c@property=\count97
\c@proposition=\count98
\c@question=\count99
\c@solution=\count100
\c@remark=\count101
\c@figure=\count102
\c@table=\count103
\abovecaptionskip=\skip41
\belowcaptionskip=\skip42
\figcapgap=\dimen111
\tabcapgap=\dimen112
\figgap=\dimen113
\bibindent=\dimen114
\@tempcntc=\count104
) (c:/texlive/2016/texmf-dist/tex/latex/enumitem/enumitem.sty
Package: enumitem 2011/09/28 v3.5.2 Customized lists
\enitkv@toks@=\toks16
\labelindent=\skip43
\enit@outerparindent=\dimen115
\enit@toks=\toks17
\enit@inbox=\box29
\enitdp@description=\count105
)
(c:/texlive/2016/texmf-dist/tex/latex/graphics/color.sty
Package: color 2016/07/10 v1.1e Standard LaTeX Color (DPC)

(c:/texlive/2016/texmf-dist/tex/latex/graphics-cfg/color.cfg
File: color.cfg 2016/01/02 v1.6 sample color configuration
)
Package color Info: Driver file: pdftex.def on input line 147.

(c:/texlive/2016/texmf-dist/tex/latex/graphics-def/pdftex.def
File: pdftex.def 2016/07/10 v0.06j Graphics/color for pdfTeX

(c:/texlive/2016/texmf-dist/tex/generic/oberdiek/infwarerr.sty
Package: infwarerr 2016/05/16 v1.4 Providing info/warning/error messages (HO)
)
(c:/texlive/2016/texmf-dist/tex/generic/oberdiek/ltxcmds.sty
Package: ltxcmds 2016/05/16 v1.23 LaTeX kernel commands for general use (HO)
)
\Gread@gobject=\count106
))
(c:/texlive/2016/texmf-dist/tex/latex/graphics/graphicx.sty
Package: graphicx 2014/10/28 v1.0g Enhanced LaTeX Graphics (DPC,SPQR)

(c:/texlive/2016/texmf-dist/tex/latex/graphics/keyval.sty
Package: keyval 2014/10/28 v1.15 key=value parser (DPC)
\KV@toks@=\toks18
)
(c:/texlive/2016/texmf-dist/tex/latex/graphics/graphics.sty
Package: graphics 2016/07/10 v1.0t Standard LaTeX Graphics (DPC,SPQR)

(c:/texlive/2016/texmf-dist/tex/latex/graphics/trig.sty
Package: trig 2016/01/03 v1.10 sin cos tan (DPC)
)
(c:/texlive/2016/texmf-dist/tex/latex/graphics-cfg/graphics.cfg
File: graphics.cfg 2016/06/04 v1.11 sample graphics configuration
)
Package graphics Info: Driver file: pdftex.def on input line 99.
)
\Gin@req@height=\dimen116
\Gin@req@width=\dimen117
)
(c:/texlive/2016/texmf-dist/tex/latex/pgf/frontendlayer/tikz.sty
(c:/texlive/2016/texmf-dist/tex/latex/pgf/basiclayer/pgf.sty
(c:/texlive/2016/texmf-dist/tex/latex/pgf/utilities/pgfrcs.sty
(c:/texlive/2016/texmf-dist/tex/generic/pgf/utilities/pgfutil-common.tex
\pgfutil@everybye=\toks19
\pgfutil@tempdima=\dimen118
\pgfutil@tempdimb=\dimen119

(c:/texlive/2016/texmf-dist/tex/generic/pgf/utilities/pgfutil-common-lists.tex)
) (c:/texlive/2016/texmf-dist/tex/generic/pgf/utilities/pgfutil-latex.def
\pgfutil@abb=\box30

(c:/texlive/2016/texmf-dist/tex/latex/ms/everyshi.sty
Package: everyshi 2001/05/15 v3.00 EveryShipout Package (MS)
))
(c:/texlive/2016/texmf-dist/tex/generic/pgf/utilities/pgfrcs.code.tex
Package: pgfrcs 2015/08/07 v3.0.1a (rcs-revision 1.31)
))
Package: pgf 2015/08/07 v3.0.1a (rcs-revision 1.15)

(c:/texlive/2016/texmf-dist/tex/latex/pgf/basiclayer/pgfcore.sty
(c:/texlive/2016/texmf-dist/tex/latex/pgf/systemlayer/pgfsys.sty
(c:/texlive/2016/texmf-dist/tex/generic/pgf/systemlayer/pgfsys.code.tex
Package: pgfsys 2014/07/09 v3.0.1a (rcs-revision 1.48)

(c:/texlive/2016/texmf-dist/tex/generic/pgf/utilities/pgfkeys.code.tex
\pgfkeys@pathtoks=\toks20
\pgfkeys@temptoks=\toks21

(c:/texlive/2016/texmf-dist/tex/generic/pgf/utilities/pgfkeysfiltered.code.tex
\pgfkeys@tmptoks=\toks22
))
\pgf@x=\dimen120
\pgf@y=\dimen121
\pgf@xa=\dimen122
\pgf@ya=\dimen123
\pgf@xb=\dimen124
\pgf@yb=\dimen125
\pgf@xc=\dimen126
\pgf@yc=\dimen127
\w@pgf@writea=\write3
\r@pgf@reada=\read1
\c@pgf@counta=\count107
\c@pgf@countb=\count108
\c@pgf@countc=\count109
\c@pgf@countd=\count110
\t@pgf@toka=\toks23
\t@pgf@tokb=\toks24
\t@pgf@tokc=\toks25
 (c:/texlive/2016/texmf-dist/tex/generic/pgf/systemlayer/pgf.cfg
File: pgf.cfg 2008/05/14  (rcs-revision 1.7)
)
Driver file for pgf: pgfsys-pdftex.def

(c:/texlive/2016/texmf-dist/tex/generic/pgf/systemlayer/pgfsys-pdftex.def
File: pgfsys-pdftex.def 2014/10/11  (rcs-revision 1.35)

(c:/texlive/2016/texmf-dist/tex/generic/pgf/systemlayer/pgfsys-common-pdf.def
File: pgfsys-common-pdf.def 2013/10/10  (rcs-revision 1.13)
)))
(c:/texlive/2016/texmf-dist/tex/generic/pgf/systemlayer/pgfsyssoftpath.code.tex
File: pgfsyssoftpath.code.tex 2013/09/09  (rcs-revision 1.9)
\pgfsyssoftpath@smallbuffer@items=\count111
\pgfsyssoftpath@bigbuffer@items=\count112
)
(c:/texlive/2016/texmf-dist/tex/generic/pgf/systemlayer/pgfsysprotocol.code.tex
File: pgfsysprotocol.code.tex 2006/10/16  (rcs-revision 1.4)
)) (c:/texlive/2016/texmf-dist/tex/latex/xcolor/xcolor.sty
Package: xcolor 2016/05/11 v2.12 LaTeX color extensions (UK)

(c:/texlive/2016/texmf-dist/tex/latex/graphics-cfg/color.cfg
File: color.cfg 2016/01/02 v1.6 sample color configuration
)
Package xcolor Info: Driver file: pdftex.def on input line 225.
LaTeX Info: Redefining \color on input line 709.
Package xcolor Info: Model `cmy' substituted by `cmy0' on input line 1348.
Package xcolor Info: Model `hsb' substituted by `rgb' on input line 1352.
Package xcolor Info: Model `RGB' extended on input line 1364.
Package xcolor Info: Model `HTML' substituted by `rgb' on input line 1366.
Package xcolor Info: Model `Hsb' substituted by `hsb' on input line 1367.
Package xcolor Info: Model `tHsb' substituted by `hsb' on input line 1368.
Package xcolor Info: Model `HSB' substituted by `hsb' on input line 1369.
Package xcolor Info: Model `Gray' substituted by `gray' on input line 1370.
Package xcolor Info: Model `wave' substituted by `hsb' on input line 1371.
)
(c:/texlive/2016/texmf-dist/tex/generic/pgf/basiclayer/pgfcore.code.tex
Package: pgfcore 2010/04/11 v3.0.1a (rcs-revision 1.7)

(c:/texlive/2016/texmf-dist/tex/generic/pgf/math/pgfmath.code.tex
(c:/texlive/2016/texmf-dist/tex/generic/pgf/math/pgfmathcalc.code.tex
(c:/texlive/2016/texmf-dist/tex/generic/pgf/math/pgfmathutil.code.tex)
(c:/texlive/2016/texmf-dist/tex/generic/pgf/math/pgfmathparser.code.tex
\pgfmath@dimen=\dimen128
\pgfmath@count=\count113
\pgfmath@box=\box31
\pgfmath@toks=\toks26
\pgfmath@stack@operand=\toks27
\pgfmath@stack@operation=\toks28
)
(c:/texlive/2016/texmf-dist/tex/generic/pgf/math/pgfmathfunctions.code.tex
(c:/texlive/2016/texmf-dist/tex/generic/pgf/math/pgfmathfunctions.basic.code.te
x)
(c:/texlive/2016/texmf-dist/tex/generic/pgf/math/pgfmathfunctions.trigonometric
.code.tex)
(c:/texlive/2016/texmf-dist/tex/generic/pgf/math/pgfmathfunctions.random.code.t
ex)
(c:/texlive/2016/texmf-dist/tex/generic/pgf/math/pgfmathfunctions.comparison.co
de.tex)
(c:/texlive/2016/texmf-dist/tex/generic/pgf/math/pgfmathfunctions.base.code.tex
)
(c:/texlive/2016/texmf-dist/tex/generic/pgf/math/pgfmathfunctions.round.code.te
x)
(c:/texlive/2016/texmf-dist/tex/generic/pgf/math/pgfmathfunctions.misc.code.tex
)
(c:/texlive/2016/texmf-dist/tex/generic/pgf/math/pgfmathfunctions.integerarithm
etics.code.tex)))
(c:/texlive/2016/texmf-dist/tex/generic/pgf/math/pgfmathfloat.code.tex
\c@pgfmathroundto@lastzeros=\count114
))
(c:/texlive/2016/texmf-dist/tex/generic/pgf/basiclayer/pgfcorepoints.code.tex
File: pgfcorepoints.code.tex 2013/10/07  (rcs-revision 1.27)
\pgf@picminx=\dimen129
\pgf@picmaxx=\dimen130
\pgf@picminy=\dimen131
\pgf@picmaxy=\dimen132
\pgf@pathminx=\dimen133
\pgf@pathmaxx=\dimen134
\pgf@pathminy=\dimen135
\pgf@pathmaxy=\dimen136
\pgf@xx=\dimen137
\pgf@xy=\dimen138
\pgf@yx=\dimen139
\pgf@yy=\dimen140
\pgf@zx=\dimen141
\pgf@zy=\dimen142
)
(c:/texlive/2016/texmf-dist/tex/generic/pgf/basiclayer/pgfcorepathconstruct.cod
e.tex
File: pgfcorepathconstruct.code.tex 2013/10/07  (rcs-revision 1.29)
\pgf@path@lastx=\dimen143
\pgf@path@lasty=\dimen144
)
(c:/texlive/2016/texmf-dist/tex/generic/pgf/basiclayer/pgfcorepathusage.code.te
x
File: pgfcorepathusage.code.tex 2014/11/02  (rcs-revision 1.24)
\pgf@shorten@end@additional=\dimen145
\pgf@shorten@start@additional=\dimen146
)
(c:/texlive/2016/texmf-dist/tex/generic/pgf/basiclayer/pgfcorescopes.code.tex
File: pgfcorescopes.code.tex 2015/05/08  (rcs-revision 1.46)
\pgfpic=\box32
\pgf@hbox=\box33
\pgf@layerbox@main=\box34
\pgf@picture@serial@count=\count115
)
(c:/texlive/2016/texmf-dist/tex/generic/pgf/basiclayer/pgfcoregraphicstate.code
.tex
File: pgfcoregraphicstate.code.tex 2014/11/02  (rcs-revision 1.12)
\pgflinewidth=\dimen147
)
(c:/texlive/2016/texmf-dist/tex/generic/pgf/basiclayer/pgfcoretransformations.c
ode.tex
File: pgfcoretransformations.code.tex 2015/08/07  (rcs-revision 1.20)
\pgf@pt@x=\dimen148
\pgf@pt@y=\dimen149
\pgf@pt@temp=\dimen150
)
(c:/texlive/2016/texmf-dist/tex/generic/pgf/basiclayer/pgfcorequick.code.tex
File: pgfcorequick.code.tex 2008/10/09  (rcs-revision 1.3)
)
(c:/texlive/2016/texmf-dist/tex/generic/pgf/basiclayer/pgfcoreobjects.code.tex
File: pgfcoreobjects.code.tex 2006/10/11  (rcs-revision 1.2)
)
(c:/texlive/2016/texmf-dist/tex/generic/pgf/basiclayer/pgfcorepathprocessing.co
de.tex
File: pgfcorepathprocessing.code.tex 2013/09/09  (rcs-revision 1.9)
)
(c:/texlive/2016/texmf-dist/tex/generic/pgf/basiclayer/pgfcorearrows.code.tex
File: pgfcorearrows.code.tex 2015/05/14  (rcs-revision 1.43)
\pgfarrowsep=\dimen151
)
(c:/texlive/2016/texmf-dist/tex/generic/pgf/basiclayer/pgfcoreshade.code.tex
File: pgfcoreshade.code.tex 2013/07/15  (rcs-revision 1.15)
\pgf@max=\dimen152
\pgf@sys@shading@range@num=\count116
)
(c:/texlive/2016/texmf-dist/tex/generic/pgf/basiclayer/pgfcoreimage.code.tex
File: pgfcoreimage.code.tex 2013/07/15  (rcs-revision 1.18)

(c:/texlive/2016/texmf-dist/tex/generic/pgf/basiclayer/pgfcoreexternal.code.tex
File: pgfcoreexternal.code.tex 2014/07/09  (rcs-revision 1.21)
\pgfexternal@startupbox=\box35
))
(c:/texlive/2016/texmf-dist/tex/generic/pgf/basiclayer/pgfcorelayers.code.tex
File: pgfcorelayers.code.tex 2013/07/18  (rcs-revision 1.7)
)
(c:/texlive/2016/texmf-dist/tex/generic/pgf/basiclayer/pgfcoretransparency.code
.tex
File: pgfcoretransparency.code.tex 2013/09/30  (rcs-revision 1.5)
)
(c:/texlive/2016/texmf-dist/tex/generic/pgf/basiclayer/pgfcorepatterns.code.tex
File: pgfcorepatterns.code.tex 2013/11/07  (rcs-revision 1.5)
)))
(c:/texlive/2016/texmf-dist/tex/generic/pgf/modules/pgfmoduleshapes.code.tex
File: pgfmoduleshapes.code.tex 2014/03/21  (rcs-revision 1.35)
\pgfnodeparttextbox=\box36
)
(c:/texlive/2016/texmf-dist/tex/generic/pgf/modules/pgfmoduleplot.code.tex
File: pgfmoduleplot.code.tex 2015/08/03  (rcs-revision 1.13)
)
(c:/texlive/2016/texmf-dist/tex/latex/pgf/compatibility/pgfcomp-version-0-65.st
y
Package: pgfcomp-version-0-65 2007/07/03 v3.0.1a (rcs-revision 1.7)
\pgf@nodesepstart=\dimen153
\pgf@nodesepend=\dimen154
)
(c:/texlive/2016/texmf-dist/tex/latex/pgf/compatibility/pgfcomp-version-1-18.st
y
Package: pgfcomp-version-1-18 2007/07/23 v3.0.1a (rcs-revision 1.1)
)) (c:/texlive/2016/texmf-dist/tex/latex/pgf/utilities/pgffor.sty
(c:/texlive/2016/texmf-dist/tex/latex/pgf/utilities/pgfkeys.sty
(c:/texlive/2016/texmf-dist/tex/generic/pgf/utilities/pgfkeys.code.tex))
(c:/texlive/2016/texmf-dist/tex/latex/pgf/math/pgfmath.sty
(c:/texlive/2016/texmf-dist/tex/generic/pgf/math/pgfmath.code.tex))
(c:/texlive/2016/texmf-dist/tex/generic/pgf/utilities/pgffor.code.tex
Package: pgffor 2013/12/13 v3.0.1a (rcs-revision 1.25)

(c:/texlive/2016/texmf-dist/tex/generic/pgf/math/pgfmath.code.tex)
\pgffor@iter=\dimen155
\pgffor@skip=\dimen156
\pgffor@stack=\toks29
\pgffor@toks=\toks30
))
(c:/texlive/2016/texmf-dist/tex/generic/pgf/frontendlayer/tikz/tikz.code.tex
Package: tikz 2015/08/07 v3.0.1a (rcs-revision 1.151)

(c:/texlive/2016/texmf-dist/tex/generic/pgf/libraries/pgflibraryplothandlers.co
de.tex
File: pgflibraryplothandlers.code.tex 2013/08/31 v3.0.1a (rcs-revision 1.20)
\pgf@plot@mark@count=\count117
\pgfplotmarksize=\dimen157
)
\tikz@lastx=\dimen158
\tikz@lasty=\dimen159
\tikz@lastxsaved=\dimen160
\tikz@lastysaved=\dimen161
\tikzleveldistance=\dimen162
\tikzsiblingdistance=\dimen163
\tikz@figbox=\box37
\tikz@figbox@bg=\box38
\tikz@tempbox=\box39
\tikz@tempbox@bg=\box40
\tikztreelevel=\count118
\tikznumberofchildren=\count119
\tikznumberofcurrentchild=\count120
\tikz@fig@count=\count121

(c:/texlive/2016/texmf-dist/tex/generic/pgf/modules/pgfmodulematrix.code.tex
File: pgfmodulematrix.code.tex 2013/09/17  (rcs-revision 1.8)
\pgfmatrixcurrentrow=\count122
\pgfmatrixcurrentcolumn=\count123
\pgf@matrix@numberofcolumns=\count124
)
\tikz@expandcount=\count125

(c:/texlive/2016/texmf-dist/tex/generic/pgf/frontendlayer/tikz/libraries/tikzli
brarytopaths.code.tex
File: tikzlibrarytopaths.code.tex 2008/06/17 v3.0.1a (rcs-revision 1.2)
))) (c:/texlive/2016/texmf-dist/tex/latex/tools/calc.sty
Package: calc 2014/10/28 v4.3 Infix arithmetic (KKT,FJ)
\calc@Acount=\count126
\calc@Bcount=\count127
\calc@Adimen=\dimen164
\calc@Bdimen=\dimen165
\calc@Askip=\skip44
\calc@Bskip=\skip45
LaTeX Info: Redefining \setlength on input line 80.
LaTeX Info: Redefining \addtolength on input line 81.
\calc@Ccount=\count128
\calc@Cskip=\skip46
)
(c:/texlive/2016/texmf-dist/tex/latex/tools/array.sty
Package: array 2014/10/28 v2.4c Tabular extension package (FMi)
\col@sep=\dimen166
\extrarowheight=\dimen167
\NC@list=\toks31
\extratabsurround=\skip47
\backup@length=\skip48
)
(c:/texlive/2016/texmf-dist/tex/latex/amsmath/amsmath.sty
Package: amsmath 2016/06/28 v2.15d AMS math features
\@mathmargin=\skip49

For additional information on amsmath, use the `?' option.
(c:/texlive/2016/texmf-dist/tex/latex/amsmath/amstext.sty
Package: amstext 2000/06/29 v2.01 AMS text

(c:/texlive/2016/texmf-dist/tex/latex/amsmath/amsgen.sty
File: amsgen.sty 1999/11/30 v2.0 generic functions
\@emptytoks=\toks32
\ex@=\dimen168
))
(c:/texlive/2016/texmf-dist/tex/latex/amsmath/amsbsy.sty
Package: amsbsy 1999/11/29 v1.2d Bold Symbols
\pmbraise@=\dimen169
)
(c:/texlive/2016/texmf-dist/tex/latex/amsmath/amsopn.sty
Package: amsopn 2016/03/08 v2.02 operator names
)
\inf@bad=\count129
LaTeX Info: Redefining \frac on input line 199.
\uproot@=\count130
\leftroot@=\count131
LaTeX Info: Redefining \overline on input line 297.
\classnum@=\count132
\DOTSCASE@=\count133
LaTeX Info: Redefining \ldots on input line 394.
LaTeX Info: Redefining \dots on input line 397.
LaTeX Info: Redefining \cdots on input line 518.
\Mathstrutbox@=\box41
\strutbox@=\box42
\big@size=\dimen170
LaTeX Font Info:    Redeclaring font encoding OML on input line 634.
LaTeX Font Info:    Redeclaring font encoding OMS on input line 635.


Package amsmath Warning: Unable to redefine math accent \vec.

\macc@depth=\count134
\c@MaxMatrixCols=\count135
\dotsspace@=\muskip10
\c@parentequation=\count136
\dspbrk@lvl=\count137
\tag@help=\toks33
\row@=\count138
\column@=\count139
\maxfields@=\count140
\andhelp@=\toks34
\eqnshift@=\dimen171
\alignsep@=\dimen172
\tagshift@=\dimen173
\tagwidth@=\dimen174
\totwidth@=\dimen175
\lineht@=\dimen176
\@envbody=\toks35
\multlinegap=\skip50
\multlinetaggap=\skip51
\mathdisplay@stack=\toks36
LaTeX Info: Redefining \[ on input line 2739.
LaTeX Info: Redefining \] on input line 2740.
) (c:/texlive/2016/texmf-dist/tex/latex/amsfonts/amssymb.sty
Package: amssymb 2013/01/14 v3.01 AMS font symbols

(c:/texlive/2016/texmf-dist/tex/latex/amsfonts/amsfonts.sty
Package: amsfonts 2013/01/14 v3.01 Basic AMSFonts support
\symAMSa=\mathgroup4
\symAMSb=\mathgroup5
LaTeX Font Info:    Overwriting math alphabet `\mathfrak' in version `bold'
(Font)                  U/euf/m/n --> U/euf/b/n on input line 106.
))
(c:/texlive/2016/texmf-dist/tex/latex/graphbox/graphbox.sty
Package: graphbox 2014/08/31 v1.0 extension for graphicx to adjust containing b
ox
\Gin@box@box=\box43
\Gin@box@width=\skip52
\Gin@box@height=\skip53
\Gin@box@raise=\skip54
\Gin@box@hspace=\skip55
\Gin@box@bwidth=\skip56
\Gin@box@bheight=\skip57
)
(c:/texlive/2016/texmf-dist/tex/latex/wasysym/wasysym.sty
Package: wasysym 2003/10/30 v2.0 Wasy-2 symbol support package
\symwasy=\mathgroup6
LaTeX Font Info:    Overwriting symbol font `wasy' in version `bold'
(Font)                  U/wasy/m/n --> U/wasy/b/n on input line 90.
)
(c:/texlive/2016/texmf-dist/tex/generic/pgf/frontendlayer/tikz/libraries/tikzli
braryautomata.code.tex
File: tikzlibraryautomata.code.tex 2008/07/14 v3.0.1a (rcs-revision 1.3)

(c:/texlive/2016/texmf-dist/tex/generic/pgf/frontendlayer/tikz/libraries/tikzli
braryshapes.multipart.code.tex
File: tikzlibraryshapes.multipart.code.tex 2008/01/09 v3.0.1a (rcs-revision 1.1
)

(c:/texlive/2016/texmf-dist/tex/generic/pgf/libraries/shapes/pgflibraryshapes.m
ultipart.code.tex
File: pgflibraryshapes.multipart.code.tex 2010/01/07 v3.0.1a (rcs-revision 1.2)

\pgfnodepartlowerbox=\box44
\pgfnodeparttwobox=\box45
\pgfnodepartthreebox=\box46
\pgfnodepartfourbox=\box47
\pgfnodeparttwentybox=\box48
\pgfnodepartnineteenbox=\box49
\pgfnodeparteighteenbox=\box50
\pgfnodepartseventeenbox=\box51
\pgfnodepartsixteenbox=\box52
\pgfnodepartfifteenbox=\box53
\pgfnodepartfourteenbox=\box54
\pgfnodepartthirteenbox=\box55
\pgfnodeparttwelvebox=\box56
\pgfnodepartelevenbox=\box57
\pgfnodeparttenbox=\box58
\pgfnodepartninebox=\box59
\pgfnodeparteightbox=\box60
\pgfnodepartsevenbox=\box61
\pgfnodepartsixbox=\box62
\pgfnodepartfivebox=\box63
)))
(c:/texlive/2016/texmf-dist/tex/generic/pgf/frontendlayer/tikz/libraries/tikzli
braryarrows.code.tex
File: tikzlibraryarrows.code.tex 2008/01/09 v3.0.1a (rcs-revision 1.1)

(c:/texlive/2016/texmf-dist/tex/generic/pgf/libraries/pgflibraryarrows.code.tex
File: pgflibraryarrows.code.tex 2013/09/23 v3.0.1a (rcs-revision 1.16)
\arrowsize=\dimen177
)) (c:/texlive/2016/texmf-dist/tex/latex/comment/comment.sty
\CommentStream=\write4

Excluding comment 'comment')
(c:/texlive/2016/texmf-dist/tex/latex/wrapfig/wrapfig.sty
\wrapoverhang=\dimen178
\WF@size=\dimen179
\c@WF@wrappedlines=\count141
\WF@box=\box64
\WF@everypar=\toks37
Package: wrapfig 2003/01/31  v 3.6
)
(c:/texlive/2016/texmf-dist/tex/latex/hyperref/hyperref.sty
Package: hyperref 2016/06/24 v6.83q Hypertext links for LaTeX

(c:/texlive/2016/texmf-dist/tex/generic/oberdiek/hobsub-hyperref.sty
Package: hobsub-hyperref 2016/05/16 v1.14 Bundle oberdiek, subset hyperref (HO)


(c:/texlive/2016/texmf-dist/tex/generic/oberdiek/hobsub-generic.sty
Package: hobsub-generic 2016/05/16 v1.14 Bundle oberdiek, subset generic (HO)
Package: hobsub 2016/05/16 v1.14 Construct package bundles (HO)
Package hobsub Info: Skipping package `infwarerr' (already loaded).
Package hobsub Info: Skipping package `ltxcmds' (already loaded).
Package: ifluatex 2016/05/16 v1.4 Provides the ifluatex switch (HO)
Package ifluatex Info: LuaTeX not detected.
Package: ifvtex 2016/05/16 v1.6 Detect VTeX and its facilities (HO)
Package ifvtex Info: VTeX not detected.
Package: intcalc 2016/05/16 v1.2 Expandable calculations with integers (HO)
Package: ifpdf 2016/05/14 v3.1 Provides the ifpdf switch
Package: etexcmds 2016/05/16 v1.6 Avoid name clashes with e-TeX commands (HO)
Package etexcmds Info: Could not find \expanded.
(etexcmds)             That can mean that you are not using pdfTeX 1.50 or
(etexcmds)             that some package has redefined \expanded.
(etexcmds)             In the latter case, load this package earlier.
Package: kvsetkeys 2016/05/16 v1.17 Key value parser (HO)
Package: kvdefinekeys 2016/05/16 v1.4 Define keys (HO)
Package: pdftexcmds 2016/05/21 v0.22 Utility functions of pdfTeX for LuaTeX (HO
)
Package pdftexcmds Info: LuaTeX not detected.
Package pdftexcmds Info: \pdf@primitive is available.
Package pdftexcmds Info: \pdf@ifprimitive is available.
Package pdftexcmds Info: \pdfdraftmode found.
Package: pdfescape 2016/05/16 v1.14 Implements pdfTeX's escape features (HO)
Package: bigintcalc 2016/05/16 v1.4 Expandable calculations on big integers (HO
)
Package: bitset 2016/05/16 v1.2 Handle bit-vector datatype (HO)
Package: uniquecounter 2016/05/16 v1.3 Provide unlimited unique counter (HO)
)
Package hobsub Info: Skipping package `hobsub' (already loaded).
Package: letltxmacro 2016/05/16 v1.5 Let assignment for LaTeX macros (HO)
Package: hopatch 2016/05/16 v1.3 Wrapper for package hooks (HO)
Package: xcolor-patch 2016/05/16 xcolor patch
Package: atveryend 2016/05/16 v1.9 Hooks at the very end of document (HO)
Package atveryend Info: \enddocument detected (standard20110627).
Package: atbegshi 2016/06/09 v1.18 At begin shipout hook (HO)
Package: refcount 2016/05/16 v3.5 Data extraction from label references (HO)
Package: hycolor 2016/05/16 v1.8 Color options for hyperref/bookmark (HO)
)
(c:/texlive/2016/texmf-dist/tex/generic/ifxetex/ifxetex.sty
Package: ifxetex 2010/09/12 v0.6 Provides ifxetex conditional
)
(c:/texlive/2016/texmf-dist/tex/latex/oberdiek/auxhook.sty
Package: auxhook 2016/05/16 v1.4 Hooks for auxiliary files (HO)
)
(c:/texlive/2016/texmf-dist/tex/latex/oberdiek/kvoptions.sty
Package: kvoptions 2016/05/16 v3.12 Key value format for package options (HO)
)
\@linkdim=\dimen180
\Hy@linkcounter=\count142
\Hy@pagecounter=\count143

(c:/texlive/2016/texmf-dist/tex/latex/hyperref/pd1enc.def
File: pd1enc.def 2016/06/24 v6.83q Hyperref: PDFDocEncoding definition (HO)
)
\Hy@SavedSpaceFactor=\count144

(c:/texlive/2016/texmf-dist/tex/latex/latexconfig/hyperref.cfg
File: hyperref.cfg 2002/06/06 v1.2 hyperref configuration of TeXLive
)
Package hyperref Info: Hyper figures OFF on input line 4486.
Package hyperref Info: Link nesting OFF on input line 4491.
Package hyperref Info: Hyper index ON on input line 4494.
Package hyperref Info: Plain pages OFF on input line 4501.
Package hyperref Info: Backreferencing OFF on input line 4506.
Package hyperref Info: Implicit mode ON; LaTeX internals redefined.
Package hyperref Info: Bookmarks ON on input line 4735.
\c@Hy@tempcnt=\count145

(c:/texlive/2016/texmf-dist/tex/latex/url/url.sty
\Urlmuskip=\muskip11
Package: url 2013/09/16  ver 3.4  Verb mode for urls, etc.
)
LaTeX Info: Redefining \url on input line 5088.
\XeTeXLinkMargin=\dimen181
\Fld@menulength=\count146
\Field@Width=\dimen182
\Fld@charsize=\dimen183
Package hyperref Info: Hyper figures OFF on input line 6342.
Package hyperref Info: Link nesting OFF on input line 6347.
Package hyperref Info: Hyper index ON on input line 6350.
Package hyperref Info: backreferencing OFF on input line 6357.
Package hyperref Info: Link coloring OFF on input line 6362.
Package hyperref Info: Link coloring with OCG OFF on input line 6367.
Package hyperref Info: PDF/A mode OFF on input line 6372.
LaTeX Info: Redefining \ref on input line 6412.
LaTeX Info: Redefining \pageref on input line 6416.
\Hy@abspage=\count147
\c@Item=\count148
\c@Hfootnote=\count149
)

Package hyperref Message: Driver (autodetected): hpdftex.

(c:/texlive/2016/texmf-dist/tex/latex/hyperref/hpdftex.def
File: hpdftex.def 2016/06/24 v6.83q Hyperref driver for pdfTeX
\Fld@listcount=\count150
\c@bookmark@seq@number=\count151

(c:/texlive/2016/texmf-dist/tex/latex/oberdiek/rerunfilecheck.sty
Package: rerunfilecheck 2016/05/16 v1.8 Rerun checks for auxiliary files (HO)
Package uniquecounter Info: New unique counter `rerunfilecheck' on input line 2
82.
)
\Hy@SectionHShift=\skip58
)
(c:/texlive/2016/texmf-dist/tex/latex/supertabular/supertabular.sty
Package: supertabular 2004/02/20 v4.1e the supertabular environment
\c@tracingst=\count152
\ST@wd=\dimen184
\ST@rightskip=\skip59
\ST@leftskip=\skip60
\ST@parfillskip=\skip61
\ST@pageleft=\dimen185
\ST@headht=\dimen186
\ST@tailht=\dimen187
\ST@pagesofar=\dimen188
\ST@pboxht=\dimen189
\ST@lineht=\dimen190
\ST@stretchht=\dimen191
\ST@prevht=\dimen192
\ST@toadd=\dimen193
\ST@dimen=\dimen194
\ST@pbox=\box65
)
(./nc2020.aux)
\openout1 = `nc2020.aux'.

LaTeX Font Info:    Checking defaults for OML/cmm/m/it on input line 34.
LaTeX Font Info:    ... okay on input line 34.
LaTeX Font Info:    Checking defaults for T1/cmr/m/n on input line 34.
LaTeX Font Info:    ... okay on input line 34.
LaTeX Font Info:    Checking defaults for OT1/cmr/m/n on input line 34.
LaTeX Font Info:    ... okay on input line 34.
LaTeX Font Info:    Checking defaults for OMS/cmsy/m/n on input line 34.
LaTeX Font Info:    ... okay on input line 34.
LaTeX Font Info:    Checking defaults for OMX/cmex/m/n on input line 34.
LaTeX Font Info:    ... okay on input line 34.
LaTeX Font Info:    Checking defaults for U/cmr/m/n on input line 34.
LaTeX Font Info:    ... okay on input line 34.
LaTeX Font Info:    Checking defaults for PD1/pdf/m/n on input line 34.
LaTeX Font Info:    ... okay on input line 34.

Unknown journal: specify \journalname{<name of your journal>} in preambel

(c:/texlive/2016/texmf-dist/tex/context/base/mkii/supp-pdf.mkii
[Loading MPS to PDF converter (version 2006.09.02).]
\scratchcounter=\count153
\scratchdimen=\dimen195
\scratchbox=\box66
\nofMPsegments=\count154
\nofMParguments=\count155
\everyMPshowfont=\toks38
\MPscratchCnt=\count156
\MPscratchDim=\dimen196
\MPnumerator=\count157
\makeMPintoPDFobject=\count158
\everyMPtoPDFconversion=\toks39
) (c:/texlive/2016/texmf-dist/tex/latex/oberdiek/epstopdf-base.sty
Package: epstopdf-base 2016/05/15 v2.6 Base part for package epstopdf

(c:/texlive/2016/texmf-dist/tex/latex/oberdiek/grfext.sty
Package: grfext 2016/05/16 v1.2 Manage graphics extensions (HO)
)
Package epstopdf-base Info: Redefining graphics rule for `.eps' on input line 4
38.
Package grfext Info: Graphics extension search list:
(grfext)             [.png,.pdf,.jpg,.mps,.jpeg,.jbig2,.jb2,.PNG,.PDF,.JPG,.JPE
G,.JBIG2,.JB2,.eps]
(grfext)             \AppendGraphicsExtensions on input line 456.

(c:/texlive/2016/texmf-dist/tex/latex/latexconfig/epstopdf-sys.cfg
File: epstopdf-sys.cfg 2010/07/13 v1.3 Configuration of (r)epstopdf for TeX Liv
e
))
ABD: EveryShipout initializing macros
\AtBeginShipoutBox=\box67
Package hyperref Info: Link coloring OFF on input line 34.

(c:/texlive/2016/texmf-dist/tex/latex/hyperref/nameref.sty
Package: nameref 2016/05/21 v2.44 Cross-referencing by name of section

(c:/texlive/2016/texmf-dist/tex/generic/oberdiek/gettitlestring.sty
Package: gettitlestring 2016/05/16 v1.5 Cleanup title references (HO)
)
\c@section@level=\count159
)
LaTeX Info: Redefining \ref on input line 34.
LaTeX Info: Redefining \pageref on input line 34.
LaTeX Info: Redefining \nameref on input line 34.

(./nc2020.out) (./nc2020.out)
\@outlinefile=\write5
\openout5 = `nc2020.out'.


SVJour3 warning: Missing \journalname

LaTeX Font Warning: Font shape `OT1/cmr/bx/n' in size <16> not available
(Font)              size <17.28> substituted on input line 58.

LaTeX Font Info:    Try loading font information for U+msa on input line 58.
(c:/texlive/2016/texmf-dist/tex/latex/amsfonts/umsa.fd
File: umsa.fd 2013/01/14 v3.01 AMS symbols A
)
LaTeX Font Info:    Try loading font information for U+msb on input line 58.

(c:/texlive/2016/texmf-dist/tex/latex/amsfonts/umsb.fd
File: umsb.fd 2013/01/14 v3.01 AMS symbols B
)
LaTeX Font Info:    Try loading font information for U+wasy on input line 58.

(c:/texlive/2016/texmf-dist/tex/latex/wasysym/uwasy.fd
File: uwasy.fd 2003/10/30 v2.0 Wasy-2 symbol font definitions
)

LaTeX Font Warning: Font shape `U/wasy/b/n' in size <7> not available
(Font)              Font shape `U/wasy/m/n' tried instead on input line 58.


LaTeX Font Warning: Font shape `U/wasy/b/n' in size <5> not available
(Font)              Font shape `U/wasy/m/n' tried instead on input line 58.

LaTeX Font Info:    Calculating math sizes for size <8.5> on input line 58.

LaTeX Font Warning: Font shape `OML/cmm/m/it' in size <8.5> not available
(Font)              size <8> substituted on input line 58.


LaTeX Font Warning: Font shape `OML/cmm/m/it' in size <4.25> not available
(Font)              size <5> substituted on input line 58.


LaTeX Font Warning: Font shape `OMS/cmsy/m/n' in size <8.5> not available
(Font)              size <8> substituted on input line 58.


LaTeX Font Warning: Font shape `OMS/cmsy/m/n' in size <4.25> not available
(Font)              size <5> substituted on input line 58.


LaTeX Font Warning: Font shape `U/wasy/m/n' in size <8.5> not available
(Font)              size <8> substituted on input line 58.


LaTeX Font Warning: Font shape `U/wasy/m/n' in size <4.25> not available
(Font)              size <5> substituted on input line 58.


Overfull \hbox (1.67403pt too wide) in paragraph at lines 69--74
\OT1/cmr/m/n/10 count. Evans has demon-strated a DNA tile self-assembly
 []



pdfTeX warning: pdflatex.exe (file ./fig/rna_origami.pdf): PDF inclusion: found
 PDF version <1.6>, but at most version <1.5> allowed
<fig/rna_origami.pdf, id=37, 3918.64pt x 877.2775pt>
File: fig/rna_origami.pdf Graphic file (type pdf)
 <use fig/rna_origami.pdf>
Package pdftex.def Info: fig/rna_origami.pdf used on input line 77.
(pdftex.def)             Requested size: 238.96417pt x 53.49109pt.


LaTeX Font Warning: Font shape `OT1/cmr/bx/n' in size <8.5> not available
(Font)              size <8> substituted on input line 78.


LaTeX Warning: Command \textcircled invalid in math mode on input line 87.

LaTeX Font Info:    Try loading font information for OMS+cmr on input line 87.
(c:/texlive/2016/texmf-dist/tex/latex/base/omscmr.fd
File: omscmr.fd 2014/09/29 v2.5h Standard LaTeX font definitions
)
LaTeX Font Info:    Font shape `OMS/cmr/m/n' in size <10> not available
(Font)              Font shape `OMS/cmsy/m/n' tried instead on input line 87.


LaTeX Warning: Command \textcircled invalid in math mode on input line 87.


LaTeX Warning: Command \textcircled invalid in math mode on input line 87.


LaTeX Warning: Command \textcircled invalid in math mode on input line 87.


LaTeX Warning: Command \textcircled invalid in math mode on input line 87.


LaTeX Warning: Command \textcircled invalid in math mode on input line 87.


LaTeX Warning: Command \textcircled invalid in math mode on input line 87.


LaTeX Warning: Command \textcircled invalid in math mode on input line 87.


LaTeX Warning: Command \textcircled invalid in math mode on input line 89.


LaTeX Warning: Command \textcircled invalid in math mode on input line 89.


LaTeX Warning: Command \textcircled invalid in math mode on input line 89.


LaTeX Warning: Command \textcircled invalid in math mode on input line 89.


LaTeX Warning: Command \textcircled invalid in math mode on input line 89.


LaTeX Warning: Command \textcircled invalid in math mode on input line 89.


LaTeX Warning: Command \textcircled invalid in math mode on input line 89.


LaTeX Warning: Command \textcircled invalid in math mode on input line 89.


LaTeX Warning: Command \textcircled invalid in math mode on input line 89.


LaTeX Warning: Command \textcircled invalid in math mode on input line 89.


LaTeX Warning: Command \textcircled invalid in math mode on input line 89.


LaTeX Warning: Command \textcircled invalid in math mode on input line 89.


Overfull \hbox (6.56413pt too wide) in paragraph at lines 82--94
\OT1/cmr/m/n/10 ori-tatami model of co-tran-scrip-tional fold-ing [[]]. As show
n
 []


Overfull \hbox (4.48465pt too wide) in paragraph at lines 82--94
\OT1/cmr/m/n/10 called \OT1/cmr/m/it/10 beads \OT1/cmr/m/n/10 of finitely many 
types over the 2-dimensional
 []


Overfull \hbox (0.64705pt too wide) in paragraph at lines 82--94
\OT1/cmr/m/n/10 counter in [[]] is of pe-riod 60 as $[][][][] [] [][][][][] [] 
$
 []


Underfull \vbox (badness 1033) has occurred while \output is active []

 [1{c:/texlive/2016/texmf-var/fonts/map/pdftex/updmap/pdftex.map}


 <./fig/rna_origami.pdf>]

LaTeX Warning: Command \textcircled invalid in math mode on input line 97.


LaTeX Warning: Command \textcircled invalid in math mode on input line 97.


LaTeX Warning: Command \textcircled invalid in math mode on input line 97.


LaTeX Warning: Command \textcircled invalid in math mode on input line 97.


LaTeX Warning: Command \textcircled invalid in math mode on input line 97.


LaTeX Warning: Command \textcircled invalid in math mode on input line 97.


Underfull \vbox (badness 10000) has occurred while \output is active []

 [2]

LaTeX Font Warning: Font shape `OT1/cmtt/m/n' in size <8.5> not available
(Font)              size <8> substituted on input line 292.


Underfull \hbox (badness 1048) in paragraph at lines 292--292
[][][]\OT1/cmr/m/n/8.5 A video to show how a glider folds can be found
 []

<fig/svg/inf-ai_c_2.pdf, id=120, 2042.6794pt x 2434.15967pt>
File: fig/svg/inf-ai_c_2.pdf Graphic file (type pdf)

<use fig/svg/inf-ai_c_2.pdf>
Package pdftex.def Info: fig/svg/inf-ai_c_2.pdf used on input line 320.
(pdftex.def)             Requested size: 445.49698pt x 530.87401pt.

<fig/svg/tglider.pdf, id=121, 118.94438pt x 57.18515pt>
File: fig/svg/tglider.pdf Graphic file (type pdf)

<use fig/svg/tglider.pdf>
Package pdftex.def Info: fig/svg/tglider.pdf used on input line 365.
(pdftex.def)             Requested size: 74.24698pt x 35.69699pt.

<fig/svg/bglider.pdf, id=122, 118.94438pt x 57.18515pt>
File: fig/svg/bglider.pdf Graphic file (type pdf)

<use fig/svg/bglider.pdf>
Package pdftex.def Info: fig/svg/bglider.pdf used on input line 365.
(pdftex.def)             Requested size: 74.24698pt x 35.69699pt.

<fig/svg/plane.pdf, id=123, 152.82094pt x 56.43233pt>
File: fig/svg/plane.pdf Graphic file (type pdf)
 <use fig/svg/plane.pdf>
Package pdftex.def Info: fig/svg/plane.pdf used on input line 365.
(pdftex.def)             Requested size: 74.24698pt x 27.41699pt.

<fig/svg/spiral.pdf, id=124, 152.82094pt x 57.18515pt>
File: fig/svg/spiral.pdf Graphic file (type pdf)

<use fig/svg/spiral.pdf>
Package pdftex.def Info: fig/svg/spiral.pdf used on input line 365.
(pdftex.def)             Requested size: 74.24698pt x 27.78275pt.
 <fig/svg/horn.pdf, id=125, 107.65219pt x 96.30278pt>
File: fig/svg/horn.pdf Graphic file (type pdf)

<use fig/svg/horn.pdf>
Package pdftex.def Info: fig/svg/horn.pdf used on input line 365.
(pdftex.def)             Requested size: 64.35242pt x 57.56902pt.
 <fig/svg/kar.pdf, id=126, 85.06781pt x 115.10805pt>
File: fig/svg/kar.pdf Graphic file (type pdf)

<use fig/svg/kar.pdf>
Package pdftex.def Info: fig/svg/kar.pdf used on input line 365.
(pdftex.def)             Requested size: 54.4503pt x 73.67943pt.
 <fig/svg/roof.pdf, id=127, 130.98938pt x 76.74397pt>
File: fig/svg/roof.pdf Graphic file (type pdf)

<use fig/svg/roof.pdf>
Package pdftex.def Info: fig/svg/roof.pdf used on input line 365.
(pdftex.def)             Requested size: 74.24698pt x 43.50093pt.
 <fig/svg/fault.pdf, id=128, 152.82094pt x 57.18515pt>
File: fig/svg/fault.pdf Graphic file (type pdf)

<use fig/svg/fault.pdf>
Package pdftex.def Info: fig/svg/fault.pdf used on input line 365.
(pdftex.def)             Requested size: 98.99849pt x 37.04424pt.
 <fig/svg/cliff.pdf, id=129, 118.94438pt x 57.18515pt>
File: fig/svg/cliff.pdf Graphic file (type pdf)

<use fig/svg/cliff.pdf>
Package pdftex.def Info: fig/svg/cliff.pdf used on input line 365.
(pdftex.def)             Requested size: 74.24698pt x 35.69699pt.


LaTeX Warning: Float too large for page by 28.89977pt on input line 369.

<fig/svg/Fnt_1.pdf, id=130, 304.8891pt x 144.23328pt>
File: fig/svg/Fnt_1.pdf Graphic file (type pdf)
 <use fig/svg/Fnt_1.pdf>
Package pdftex.def Info: fig/svg/Fnt_1.pdf used on input line 377.
(pdftex.def)             Requested size: 83.63708pt x 39.56633pt.

<fig/svg/Fnb_1.pdf, id=131, 304.88907pt x 144.23328pt>
File: fig/svg/Fnb_1.pdf Graphic file (type pdf)
 <use fig/svg/Fnb_1.pdf>
Package pdftex.def Info: fig/svg/Fnb_1.pdf used on input line 382.
(pdftex.def)             Requested size: 83.63708pt x 39.56633pt.

<fig/svg/F0_1.pdf, id=132, 313.17pt x 153.84126pt>
File: fig/svg/F0_1.pdf Graphic file (type pdf)
 <use fig/svg/F0_1.pdf>
Package pdftex.def Info: fig/svg/F0_1.pdf used on input line 391.
(pdftex.def)             Requested size: 83.63708pt x 41.08463pt.

<fig/svg/F1_1.pdf, id=133, 298.86656pt x 151.83939pt>
File: fig/svg/F1_1.pdf Graphic file (type pdf)
 <use fig/svg/F1_1.pdf>
Package pdftex.def Info: fig/svg/F1_1.pdf used on input line 396.
(pdftex.def)             Requested size: 83.63708pt x 42.49156pt.

Overfull \hbox (15.01045pt too wide) in paragraph at lines 374--402
[][]
 []


Underfull \hbox (badness 10000) in paragraph at lines 374--402

 []


Underfull \hbox (badness 10000) in paragraph at lines 374--402

 []


Overfull \hbox (15.01045pt too wide) in paragraph at lines 374--402
[] 
 []

<fig/svg/Lt_3.pdf, id=134, 391.52306pt x 108.46465pt>
File: fig/svg/Lt_3.pdf Graphic file (type pdf)
 <use fig/svg/Lt_3.pdf>
Package pdftex.def Info: fig/svg/Lt_3.pdf used on input line 414.
(pdftex.def)             Requested size: 107.53314pt x 29.79062pt.

<fig/svg/Lbc_3.pdf, id=135, 404.86353pt x 108.89912pt>
File: fig/svg/Lbc_3.pdf Graphic file (type pdf)
 <use fig/svg/Lbc_3.pdf>
Package pdftex.def Info: fig/svg/Lbc_3.pdf used on input line 419.
(pdftex.def)             Requested size: 107.53314pt x 28.92293pt.

Overfull \hbox (15.01045pt too wide) in paragraph at lines 411--423
[][] 
 []

<fig/svg/Ltrc_3.pdf, id=136, 295.3145pt x 228.8896pt>
File: fig/svg/Ltrc_3.pdf Graphic file (type pdf)
 <use fig/svg/Ltrc_3.pdf>
Package pdftex.def Info: fig/svg/Ltrc_3.pdf used on input line 429.
(pdftex.def)             Requested size: 95.58603pt x 74.08438pt.

<fig/svg/Ltre_3.pdf, id=137, 360.76057pt x 181.34071pt>
File: fig/svg/Ltre_3.pdf Graphic file (type pdf)

<use fig/svg/Ltre_3.pdf>
Package pdftex.def Info: fig/svg/Ltre_3.pdf used on input line 434.
(pdftex.def)             Requested size: 119.48209pt x 60.05844pt.

Overfull \hbox (15.01045pt too wide) in paragraph at lines 426--437
[][] 
 []

<fig/svg/Lbe_3.pdf, id=138, 415.94849pt x 143.87924pt>
File: fig/svg/Lbe_3.pdf Graphic file (type pdf)
 <use fig/svg/Lbe_3.pdf>
Package pdftex.def Info: fig/svg/Lbe_3.pdf used on input line 439.
(pdftex.def)             Requested size: 119.48209pt x 41.32872pt.

<fig/svg/H00_1.pdf, id=139, 304.88907pt x 149.02705pt>
File: fig/svg/H00_1.pdf Graphic file (type pdf)
 <use fig/svg/H00_1.pdf>
Package pdftex.def Info: fig/svg/H00_1.pdf used on input line 454.
(pdftex.def)             Requested size: 70.97226pt x 34.68935pt.

<fig/svg/H01_1.pdf, id=140, 313.17pt x 149.02705pt>
File: fig/svg/H01_1.pdf Graphic file (type pdf)
 <use fig/svg/H01_1.pdf>
Package pdftex.def Info: fig/svg/H01_1.pdf used on input line 459.
(pdftex.def)             Requested size: 70.97226pt x 33.77295pt.

<fig/svg/He1_1.pdf, id=141, 321.45094pt x 96.6171pt>
File: fig/svg/He1_1.pdf Graphic file (type pdf)
 <use fig/svg/He1_1.pdf>
Package pdftex.def Info: fig/svg/He1_1.pdf used on input line 465.
(pdftex.def)             Requested size: 70.97226pt x 21.33101pt.

Overfull \hbox (15.63257pt too wide) in paragraph at lines 451--468
[][] 
 []

<fig/svg/H10_1.pdf, id=142, 304.88907pt x 149.02707pt>
File: fig/svg/H10_1.pdf Graphic file (type pdf)
 <use fig/svg/H10_1.pdf>
Package pdftex.def Info: fig/svg/H10_1.pdf used on input line 473.
(pdftex.def)             Requested size: 70.97226pt x 34.68936pt.

<fig/svg/H11_1.pdf, id=143, 313.17pt x 149.02705pt>
File: fig/svg/H11_1.pdf Graphic file (type pdf)
 <use fig/svg/H11_1.pdf>
Package pdftex.def Info: fig/svg/H11_1.pdf used on input line 478.
(pdftex.def)             Requested size: 70.97226pt x 33.77295pt.

<fig/svg/Hn_1.pdf, id=144, 313.17pt x 144.43063pt>
File: fig/svg/Hn_1.pdf Graphic file (type pdf)
 <use fig/svg/Hn_1.pdf>
Package pdftex.def Info: fig/svg/Hn_1.pdf used on input line 483.
(pdftex.def)             Requested size: 70.97226pt x 32.7313pt.

Overfull \hbox (15.63257pt too wide) in paragraph at lines 469--488
[][] 
 []

<fig/svg/Rt_1.pdf, id=145, 405.18277pt x 107.29924pt>
File: fig/svg/Rt_1.pdf Graphic file (type pdf)
 <use fig/svg/Rt_1.pdf>
Package pdftex.def Info: fig/svg/Rt_1.pdf used on input line 497.
(pdftex.def)             Requested size: 95.58603pt x 25.31192pt.

<fig/svg/Rb_1(2).pdf, id=146, 395.1339pt x 107.29924pt>
File: fig/svg/Rb_1(2).pdf Graphic file (type pdf)

<use fig/svg/Rb_1(2).pdf>
Package pdftex.def Info: fig/svg/Rb_1(2).pdf used on input line 500.
(pdftex.def)             Requested size: 95.58603pt x 25.95535pt.
 <fig/svg/Rb_1.pdf, id=147, 395.1339pt x 55.67876pt>
File: fig/svg/Rb_1.pdf Graphic file (type pdf)

<use fig/svg/Rb_1.pdf>
Package pdftex.def Info: fig/svg/Rb_1.pdf used on input line 502.
(pdftex.def)             Requested size: 95.58603pt x 13.4685pt.
 <fig/svg/Rtr_1.pdf, id=148, 228.23718pt x 193.34259pt>
File: fig/svg/Rtr_1.pdf Graphic file (type pdf)

<use fig/svg/Rtr_1.pdf>
Package pdftex.def Info: fig/svg/Rtr_1.pdf used on input line 507.
(pdftex.def)             Requested size: 83.63708pt x 70.84824pt.

Overfull \hbox (15.01045pt too wide) in paragraph at lines 494--510
[][] 
 []

[3] [4] [5 <./fig/svg/inf-ai_c_2.pdf> <./fig/svg/tglider.pdf

pdfTeX warning: pdflatex.exe (file ./fig/svg/tglider.pdf): PDF inclusion: multi
ple pdfs with page group included in a single page
> <./fig/svg/bglider.pdf

pdfTeX warning: pdflatex.exe (file ./fig/svg/bglider.pdf): PDF inclusion: multi
ple pdfs with page group included in a single page
> <./fig/svg/plane.pdf

pdfTeX warning: pdflatex.exe (file ./fig/svg/plane.pdf): PDF inclusion: multipl
e pdfs with page group included in a single page
> <./fig/svg/spiral.pdf

pdfTeX warning: pdflatex.exe (file ./fig/svg/spiral.pdf): PDF inclusion: multip
le pdfs with page group included in a single page
> <./fig/svg/horn.pdf

pdfTeX warning: pdflatex.exe (file ./fig/svg/horn.pdf): PDF inclusion: multiple
 pdfs with page group included in a single page
> <./fig/svg/kar.pdf

pdfTeX warning: pdflatex.exe (file ./fig/svg/kar.pdf): PDF inclusion: multiple 
pdfs with page group included in a single page
> <./fig/svg/roof.pdf

pdfTeX warning: pdflatex.exe (file ./fig/svg/roof.pdf): PDF inclusion: multiple
 pdfs with page group included in a single page
> <./fig/svg/fault.pdf

pdfTeX warning: pdflatex.exe (file ./fig/svg/fault.pdf): PDF inclusion: multipl
e pdfs with page group included in a single page
> <./fig/svg/cliff.pdf

pdfTeX warning: pdflatex.exe (file ./fig/svg/cliff.pdf): PDF inclusion: multipl
e pdfs with page group included in a single page
>] <fig/svg/CounterEx5_1.pdf, id=295, 1382.91656pt x 162.56627pt>
File: fig/svg/CounterEx5_1.pdf Graphic file (type pdf)

<use fig/svg/CounterEx5_1.pdf>
Package pdftex.def Info: fig/svg/CounterEx5_1.pdf used on input line 612.
(pdftex.def)             Requested size: 445.49698pt x 52.36954pt.

<fig/svg/CounterEx11_1.pdf, id=298, 1495.83844pt x 247.50874pt>
File: fig/svg/CounterEx11_1.pdf Graphic file (type pdf)

<use fig/svg/CounterEx11_1.pdf>
Package pdftex.def Info: fig/svg/CounterEx11_1.pdf used on input line 626.
(pdftex.def)             Requested size: 495.0pt x 81.90472pt.

<fig/svg/CounterEx13_1.pdf, id=299, 1529.715pt x 263.75691pt>
File: fig/svg/CounterEx13_1.pdf Graphic file (type pdf)

<use fig/svg/CounterEx13_1.pdf>
Package pdftex.def Info: fig/svg/CounterEx13_1.pdf used on input line 638.
(pdftex.def)             Requested size: 495.0pt x 85.3497pt.
 [6 <./fig/svg/Fnt_1.pdf> <./fig/svg/Fnb_1.pdf

pdfTeX warning: pdflatex.exe (file ./fig/svg/Fnb_1.pdf): PDF inclusion: multipl
e pdfs with page group included in a single page
> <./fig/svg/F0_1.pdf

pdfTeX warning: pdflatex.exe (file ./fig/svg/F0_1.pdf): PDF inclusion: multiple
 pdfs with page group included in a single page
> <./fig/svg/F1_1.pdf

pdfTeX warning: pdflatex.exe (file ./fig/svg/F1_1.pdf): PDF inclusion: multiple
 pdfs with page group included in a single page
> <./fig/svg/Lt_3.pdf

pdfTeX warning: pdflatex.exe (file ./fig/svg/Lt_3.pdf): PDF inclusion: multiple
 pdfs with page group included in a single page
> <./fig/svg/Lbc_3.pdf

pdfTeX warning: pdflatex.exe (file ./fig/svg/Lbc_3.pdf): PDF inclusion: multipl
e pdfs with page group included in a single page
> <./fig/svg/Ltrc_3.pdf

pdfTeX warning: pdflatex.exe (file ./fig/svg/Ltrc_3.pdf): PDF inclusion: multip
le pdfs with page group included in a single page
> <./fig/svg/Ltre_3.pdf

pdfTeX warning: pdflatex.exe (file ./fig/svg/Ltre_3.pdf): PDF inclusion: multip
le pdfs with page group included in a single page
> <./fig/svg/Lbe_3.pdf

pdfTeX warning: pdflatex.exe (file ./fig/svg/Lbe_3.pdf): PDF inclusion: multipl
e pdfs with page group included in a single page
> <./fig/svg/H00_1.pdf

pdfTeX warning: pdflatex.exe (file ./fig/svg/H00_1.pdf): PDF inclusion: multipl
e pdfs with page group included in a single page
> <./fig/svg/H01_1.pdf

pdfTeX warning: pdflatex.exe (file ./fig/svg/H01_1.pdf): PDF inclusion: multipl
e pdfs with page group included in a single page
> <./fig/svg/He1_1.pdf

pdfTeX warning: pdflatex.exe (file ./fig/svg/He1_1.pdf): PDF inclusion: multipl
e pdfs with page group included in a single page
> <./fig/svg/H10_1.pdf

pdfTeX warning: pdflatex.exe (file ./fig/svg/H10_1.pdf): PDF inclusion: multipl
e pdfs with page group included in a single page
> <./fig/svg/H11_1.pdf

pdfTeX warning: pdflatex.exe (file ./fig/svg/H11_1.pdf): PDF inclusion: multipl
e pdfs with page group included in a single page
> <./fig/svg/Hn_1.pdf

pdfTeX warning: pdflatex.exe (file ./fig/svg/Hn_1.pdf): PDF inclusion: multiple
 pdfs with page group included in a single page
> <./fig/svg/Rt_1.pdf

pdfTeX warning: pdflatex.exe (file ./fig/svg/Rt_1.pdf): PDF inclusion: multiple
 pdfs with page group included in a single page
> <./fig/svg/Rb_1(2).pdf

pdfTeX warning: pdflatex.exe (file ./fig/svg/Rb_1(2).pdf): PDF inclusion: multi
ple pdfs with page group included in a single page
> <./fig/svg/Rb_1.pdf

pdfTeX warning: pdflatex.exe (file ./fig/svg/Rb_1.pdf): PDF inclusion: multiple
 pdfs with page group included in a single page
> <./fig/svg/Rtr_1.pdf

pdfTeX warning: pdflatex.exe (file ./fig/svg/Rtr_1.pdf): PDF inclusion: multipl
e pdfs with page group included in a single page
>] <fig/svg/CounterEx14_2.pdf, id=566, 656.32317pt x 268.36996pt>
File: fig/svg/CounterEx14_2.pdf Graphic file (type pdf)

<use fig/svg/CounterEx14_2.pdf>
Package pdftex.def Info: fig/svg/CounterEx14_2.pdf used on input line 694.
(pdftex.def)             Requested size: 197.99698pt x 80.95796pt.

<fig/svg/CounterEx15_2.pdf, id=567, 832.18968pt x 268.46838pt>
File: fig/svg/CounterEx15_2.pdf Graphic file (type pdf)

<use fig/svg/CounterEx15_2.pdf>
Package pdftex.def Info: fig/svg/CounterEx15_2.pdf used on input line 702.
(pdftex.def)             Requested size: 247.5pt x 79.84064pt.

<fig/svg/CounterEx17_3.pdf, id=568, 870.47156pt x 95.9458pt>
File: fig/svg/CounterEx17_3.pdf Graphic file (type pdf)

<use fig/svg/CounterEx17_3.pdf>
Package pdftex.def Info: fig/svg/CounterEx17_3.pdf used on input line 721.
(pdftex.def)             Requested size: 222.74849pt x 24.55148pt.

<fig/svg/CounterEx18_2.pdf, id=569, 926.3799pt x 156.4216pt>
File: fig/svg/CounterEx18_2.pdf Graphic file (type pdf)

<use fig/svg/CounterEx18_2.pdf>
Package pdftex.def Info: fig/svg/CounterEx18_2.pdf used on input line 735.
(pdftex.def)             Requested size: 222.74849pt x 37.61116pt.
 [7 <./fig/svg/CounterEx5_1.pdf> <./fig/svg/CounterEx11_1.pdf

pdfTeX warning: pdflatex.exe (file ./fig/svg/CounterEx11_1.pdf): PDF inclusion:
 multiple pdfs with page group included in a single page
> <./fig/svg/CounterEx13_1.pdf

pdfTeX warning: pdflatex.exe (file ./fig/svg/CounterEx13_1.pdf): PDF inclusion:
 multiple pdfs with page group included in a single page
>]
Overfull \hbox (2.70313pt too wide) in paragraph at lines 875--907
 [] 
 []

[8 <./fig/svg/CounterEx14_2.pdf> <./fig/svg/CounterEx15_2.pdf

pdfTeX warning: pdflatex.exe (file ./fig/svg/CounterEx15_2.pdf): PDF inclusion:
 multiple pdfs with page group included in a single page
> <./fig/svg/CounterEx17_3.pdf

pdfTeX warning: pdflatex.exe (file ./fig/svg/CounterEx17_3.pdf): PDF inclusion:
 multiple pdfs with page group included in a single page
> <./fig/svg/CounterEx18_2.pdf

pdfTeX warning: pdflatex.exe (file ./fig/svg/CounterEx18_2.pdf): PDF inclusion:
 multiple pdfs with page group included in a single page
>] <fig/svg/zeroBit01.pdf, id=695, 144.9708pt x 75.2376pt>
File: fig/svg/zeroBit01.pdf Graphic file (type pdf)

<use fig/svg/zeroBit01.pdf>
Package pdftex.def Info: fig/svg/zeroBit01.pdf used on input line 919.
(pdftex.def)             Requested size: 95.5842pt x 49.60643pt.

Underfull \hbox (badness 10000) in paragraph at lines 922--923

 []

<fig/svg/zeroBit05.pdf, id=696, 479.54156pt x 212.1486pt>
File: fig/svg/zeroBit05.pdf Graphic file (type pdf)

<use fig/svg/zeroBit05.pdf>
Package pdftex.def Info: fig/svg/zeroBit05.pdf used on input line 926.
(pdftex.def)             Requested size: 107.53314pt x 47.5695pt.

Underfull \hbox (badness 1478) in paragraph at lines 931--931
[]\OT1/cmr/bx/n/8 Fig. 13|[]\OT1/cmr/m/n/8.5 Counting from a non-coding seed. (
Left) The
 []


Overfull \hbox (1.04803pt too wide) in paragraph at lines 942--945
[]\OT1/cmr/m/n/8.5 This work is sup-ported in part by KAK-
 []


Overfull \hbox (2.5974pt too wide) in paragraph at lines 942--945
\OT1/cmr/m/n/8.5 No. 18K19779 and JST Pro-gram to Dis-sem-i-nate Tenure Track-
 []

(./nc2020.bbl
Underfull \hbox (badness 1412) in paragraph at lines 23--25
[]\OT1/cmr/m/n/8.5 Evans, C.G.: Crys-tals that Count! Phys-i-cal Prin-ci-
 []

) [9 <./fig/svg/zeroBit01.pdf> <./fig/svg/zeroBit05.pdf

pdfTeX warning: pdflatex.exe (file ./fig/svg/zeroBit05.pdf): PDF inclusion: mul
tiple pdfs with page group included in a single page
>]
Package atveryend Info: Empty hook `BeforeClearDocument' on input line 1061.
Package atveryend Info: Empty hook `AfterLastShipout' on input line 1061.
 (./nc2020.aux)
Package atveryend Info: Executing hook `AtVeryEndDocument' on input line 1061.
Package atveryend Info: Executing hook `AtEndAfterFileList' on input line 1061.

Package rerunfilecheck Info: File `nc2020.out' has not changed.
(rerunfilecheck)             Checksum: D2E0D47E45037A90393D26CFA194EC84;209.


LaTeX Font Warning: Size substitutions with differences
(Font)              up to 1.28pt have occurred.

Package atveryend Info: Empty hook `AtVeryVeryEnd' on input line 1061.
 ) 
Here is how much of TeX's memory you used:
 18493 strings out of 493013
 353521 string characters out of 6136993
 472134 words of memory out of 5000000
 21600 multiletter control sequences out of 15000+600000
 20711 words of font info for 83 fonts, out of 8000000 for 9000
 1141 hyphenation exceptions out of 8191
 55i,19n,66p,668b,764s stack positions out of 5000i,500n,10000p,200000b,80000s
<c:/texlive/2016/texmf-dist/fonts/type1/public/amsfonts/cm/cmbsy10.pfb><c:/te
xlive/2016/texmf-dist/fonts/type1/public/amsfonts/cm/cmbx10.pfb><c:/texlive/201
6/texmf-dist/fonts/type1/public/amsfonts/cm/cmbx12.pfb><c:/texlive/2016/texmf-d
ist/fonts/type1/public/amsfonts/cm/cmbx8.pfb><c:/texlive/2016/texmf-dist/fonts/
type1/public/amsfonts/cm/cmex10.pfb><c:/texlive/2016/texmf-dist/fonts/type1/pub
lic/amsfonts/cm/cmmi10.pfb><c:/texlive/2016/texmf-dist/fonts/type1/public/amsfo
nts/cm/cmmi5.pfb><c:/texlive/2016/texmf-dist/fonts/type1/public/amsfonts/cm/cmm
i7.pfb><c:/texlive/2016/texmf-dist/fonts/type1/public/amsfonts/cm/cmmi8.pfb><c:
/texlive/2016/texmf-dist/fonts/type1/public/amsfonts/cm/cmr10.pfb><c:/texlive/2
016/texmf-dist/fonts/type1/public/amsfonts/cm/cmr12.pfb><c:/texlive/2016/texmf-
dist/fonts/type1/public/amsfonts/cm/cmr5.pfb><c:/texlive/2016/texmf-dist/fonts/
type1/public/amsfonts/cm/cmr7.pfb><c:/texlive/2016/texmf-dist/fonts/type1/publi
c/amsfonts/cm/cmr8.pfb><c:/texlive/2016/texmf-dist/fonts/type1/public/amsfonts/
cm/cmsy10.pfb><c:/texlive/2016/texmf-dist/fonts/type1/public/amsfonts/cm/cmsy5.
pfb><c:/texlive/2016/texmf-dist/fonts/type1/public/amsfonts/cm/cmsy6.pfb><c:/te
xlive/2016/texmf-dist/fonts/type1/public/amsfonts/cm/cmsy7.pfb><c:/texlive/2016
/texmf-dist/fonts/type1/public/amsfonts/cm/cmti10.pfb><c:/texlive/2016/texmf-di
st/fonts/type1/public/amsfonts/cm/cmtt10.pfb><c:/texlive/2016/texmf-dist/fonts/
type1/public/amsfonts/cm/cmtt8.pfb><c:/texlive/2016/texmf-dist/fonts/type1/publ
ic/amsfonts/symbols/msbm10.pfb>
Output written on nc2020.pdf (9 pages, 1404893 bytes).
PDF statistics:
 809 PDF objects out of 1000 (max. 8388607)
 568 compressed objects within 6 object streams
 56 named destinations out of 1000 (max. 500000)
 240 words of extra memory for PDF output out of 10000 (max. 10000000)

